<?xml version="1.0" encoding="UTF-8"?>
<!-- Generated by org.testng.reporters.JUnitReportReporter -->
<testsuite hostname="mhamed" failures="0" tests="1" name="use_cases.SignUp" time="2.090" errors="0" timestamp="2023-02-17T16:26:29 EET" skipped="0">
  <testcase classname="use_cases.SignUp" name="performSignUp" time="2.090"/>
  <system-out/>
</testsuite> <!-- use_cases.SignUp -->
