<?xml version="1.0" encoding="UTF-8"?>
<!-- Generated by org.testng.reporters.JUnitReportReporter -->
<testsuite hostname="mhamed" failures="0" tests="1" name="use_cases.Cart" time="15.124" errors="0" timestamp="2023-02-17T15:09:08 EET" skipped="0">
  <testcase classname="use_cases.Cart" name="deleteItem" time="15.124"/>
  <system-out/>
</testsuite> <!-- use_cases.Cart -->
