<?xml version="1.0" encoding="UTF-8"?>
<!-- Generated by org.testng.reporters.JUnitReportReporter -->
<testsuite hostname="mhamed" failures="0" tests="1" name="use_cases.AddItem" time="5.660" errors="0" timestamp="2023-02-17T16:37:43 EET" skipped="0">
  <testcase classname="use_cases.AddItem" name="addItemToCard" time="5.660"/>
  <system-out/>
</testsuite> <!-- use_cases.AddItem -->
