<?xml version="1.0" encoding="UTF-8"?>
<!-- Generated by org.testng.reporters.JUnitReportReporter -->
<testsuite hostname="mhamed" failures="0" tests="1" name="use_cases.DeleteItem" time="19.892" errors="0" timestamp="2023-02-17T16:40:34 EET" skipped="0">
  <testcase classname="use_cases.DeleteItem" name="deleteItem" time="19.892"/>
  <system-out/>
</testsuite> <!-- use_cases.DeleteItem -->
