<?xml version="1.0" encoding="UTF-8"?>
<!-- Generated by org.testng.reporters.JUnitReportReporter -->
<testsuite hostname="mhamed" failures="0" tests="1" name="use_cases.Login" time="3.557" errors="0" timestamp="2023-02-17T16:30:18 EET" skipped="0">
  <testcase classname="use_cases.Login" name="login" time="3.557"/>
  <system-out/>
</testsuite> <!-- use_cases.Login -->
