<?xml version="1.0" encoding="UTF-8"?>
<!-- Generated by org.testng.reporters.JUnitReportReporter -->
<testsuite hostname="mhamed" failures="0" tests="1" name="use_cases.SuccessfulCheckout" time="7.221" errors="0" timestamp="2023-02-17T16:45:33 EET" skipped="0">
  <testcase classname="use_cases.SuccessfulCheckout" name="checkout" time="7.221"/>
  <system-out/>
</testsuite> <!-- use_cases.SuccessfulCheckout -->
